<?xml version="1.0" encoding="UTF-8"?>
<testng-results skipped="0" failed="0" ignored="0" total="4" passed="4">
  <reporter-output>
  </reporter-output>
  <suite name="Default suite" duration-ms="7220" started-at="2021-01-19T01:46:41Z" finished-at="2021-01-19T01:46:48Z">
    <groups>
    </groups>
    <test name="Default test" duration-ms="7220" started-at="2021-01-19T01:46:41Z" finished-at="2021-01-19T01:46:48Z">
      <class name="com.training.Api_Testing_Automation.Api_Automation">
        <test-method status="PASS" signature="login_ValidCredentialsAndPasswords()[pri:1, instance:com.training.Api_Testing_Automation.Api_Automation@4b9e13df]" name="login_ValidCredentialsAndPasswords" duration-ms="2064" started-at="2021-01-19T01:46:41Z" finished-at="2021-01-19T01:46:43Z">
          <reporter-output>
          </reporter-output>
        </test-method> <!-- login_ValidCredentialsAndPasswords -->
        <test-method status="PASS" signature="getDataForValidToken()[pri:2, instance:com.training.Api_Testing_Automation.Api_Automation@4b9e13df]" name="getDataForValidToken" duration-ms="2579" started-at="2021-01-19T01:46:43Z" finished-at="2021-01-19T01:46:45Z">
          <reporter-output>
          </reporter-output>
        </test-method> <!-- getDataForValidToken -->
        <test-method status="PASS" signature="addData_ValidTokenandData()[pri:3, instance:com.training.Api_Testing_Automation.Api_Automation@4b9e13df]" name="addData_ValidTokenandData" duration-ms="2289" started-at="2021-01-19T01:46:45Z" finished-at="2021-01-19T01:46:47Z">
          <reporter-output>
          </reporter-output>
        </test-method> <!-- addData_ValidTokenandData -->
        <test-method status="PASS" signature="DeleteData_ValidTokenandData()[pri:4, instance:com.training.Api_Testing_Automation.Api_Automation@4b9e13df]" name="DeleteData_ValidTokenandData" duration-ms="265" started-at="2021-01-19T01:46:47Z" finished-at="2021-01-19T01:46:48Z">
          <reporter-output>
          </reporter-output>
        </test-method> <!-- DeleteData_ValidTokenandData -->
      </class> <!-- com.training.Api_Testing_Automation.Api_Automation -->
    </test> <!-- Default test -->
  </suite> <!-- Default suite -->
</testng-results>
